C51 COMPILER V9.60.0.0   DELAY                                                             04/11/2022 14:25:39 PAGE 1   


C51 COMPILER V9.60.0.0, COMPILATION OF MODULE DELAY
OBJECT MODULE PLACED IN .\Objects\delay.obj
COMPILER INVOKED BY: D:\Code\ARM\C51\BIN\C51.EXE HA\Dalay\delay.c OPTIMIZE(8,SPEED) BROWSE INCDIR(.\HA;.\HA\Dalay;.\HA\L
                    -CD1602) DEBUG OBJECTEXTEND PRINT(.\Listings\delay.lst) TABS(2) OBJECT(.\Objects\delay.obj)

line level    source

   1          
   2          
   3          /*************  功能说明  **************
   4          
   5          本文件为STC 12T系列的延时程序,用户几乎可以不修改这个程序.
   6          
   7          
   8          ******************************************/
   9          
  10          #include  "delay.h"
  11          #define MAIN_Fosc   11059200L //定义主时钟
  12          
  13          
  14          //========================================================================
  15          // 函数: void  Delay_Ms(INT16U ms)
  16          // 描述: 延时函数。
  17          // 参数: ms,要延时的ms数, 自动适应主时钟.
  18          // 返回: none.
  19          // 版本: VER1.0
  20          // 日期: 2014-8-8
  21          // 备注: 
  22          //========================================================================
  23          void Delay_Ms(unsigned int ms)
  24          {
  25   1           unsigned int i;
  26   1         do{
  27   2              i = MAIN_Fosc / 96000;
  28   2            while(--i)  ;   //96T per loop
  29   2           }while(--ms);
  30   1      }
  31          //========================================================================
  32          // 函数: void  Delay5us()
  33          // 描述: 5us延时函数，自动适应11.0592M、12M、22.1184M主时钟。
  34          // 参数: none.
  35          // 返回: none.
  36          // 版本: VER1.0
  37          // 日期: 2014-8-9
  38          // 备注: 
  39          //========================================================================
  40          void Delay5us()
  41          {
  42   1        #if MAIN_Fosc == 11059200
  43   1          _nop_();
  44   1        #elif MAIN_Fosc == 12000000
                  _nop_()
                #elif MAIN_Fosc == 22118400
                  _nop_(); _nop_(); _nop_();
                #endif
  49   1      }


MODULE INFORMATION:   STATIC OVERLAYABLE
   CODE SIZE        =     25    ----
   CONSTANT SIZE    =   ----    ----
C51 COMPILER V9.60.0.0   DELAY                                                             04/11/2022 14:25:39 PAGE 2   

   XDATA SIZE       =   ----    ----
   PDATA SIZE       =   ----    ----
   DATA SIZE        =   ----    ----
   IDATA SIZE       =   ----    ----
   BIT SIZE         =   ----    ----
END OF MODULE INFORMATION.


C51 COMPILATION COMPLETE.  0 WARNING(S),  0 ERROR(S)
