C51 COMPILER V9.60.0.0   KEY                                                               05/03/2022 04:38:18 PAGE 1   


C51 COMPILER V9.60.0.0, COMPILATION OF MODULE KEY
OBJECT MODULE PLACED IN .\Objects\KEY.obj
COMPILER INVOKED BY: D:\Keil\C51\BIN\C51.EXE Library\KEY\KEY.c COMPACT OPTIMIZE(8,SPEED) BROWSE INCDIR(.\Library\ADC;.\L
                    -ibrary\DHT11;.\Library\LCD;.\Library\STEP;.\Library\Show;.\Library\KEY;.\Library\MAX6675;.\Library\SIM800C) DEBUG OBJECT
                    -EXTEND PRINT(.\Listings\KEY.lst) TABS(2) OBJECT(.\Objects\KEY.obj)

line level    source

   1          #include "KEY.h"
   2          #include "STEP.h"
   3          #include "SIM800C.h"
   4          
   5          sbit OPEN_LED=P1^5;
   6          sbit OFF_LED=P1^6;
   7          
   8          char phoneNumber[] = "17865677883";   //替换成需要被拨打电话的号码
   9          char msg[] = "Gas flameout hazard warning";   //短信内容  
  10          
  11          //变量
  12          unsigned char key_switch_f=0;
  13          unsigned char key_state=1;    //状态
  14          //中断
  15          void IINT_INT()
  16          {
  17   1          IT1 = 1;                        //set INT1 int type (1:Falling only 0:Low level)
  18   1          EX1 = 1;                        //enable INT1 interrupt
  19   1      
  20   1          IT0 = 1;                        //set INT0 int type (1:Falling 0:Low level)
  21   1          EX0 = 1;                        //enable INT0 interrupt
  22   1          EA = 1;                         //open global interrupt switch
  23   1        
  24   1        
  25   1      }
  26          //初始化KEY
  27          
  28          void KEY_Inint()
  29          {
  30   1        
  31   1        IINT_INT(); //按键初始化
  32   1        
  33   1        
  34   1      }
  35          
  36          
  37          void exint0() interrupt 0           //(location at 0003H)
  38          {
  39   1          key_switch_f=1;
  40   1      }
  41          
  42          //External interrupt1 service routine
  43          void exint1() interrupt 2           //(location at 0013H)
  44          {
  45   1          key_switch_f=2;
  46   1      }
  47          void KEY_Scanf()
  48          {
  49   1      
  50   1        //打开阀门
  51   1        if(key_state==1)
  52   1          {
  53   2            
C51 COMPILER V9.60.0.0   KEY                                                               05/03/2022 04:38:18 PAGE 2   

  54   2            OFF_LED=0;
  55   2            OPEN_LED=1;
  56   2            if( key_switch_f ==1)
  57   2            {
  58   3          sendMessage(phoneNumber,msg);   //发送短信
  59   3            Go_Step();
  60   3            key_state=2;
  61   3             key_switch_f=0;
  62   3            }
  63   2          }
  64   1        
  65   1      
  66   1        //关闭阀门
  67   1        if(key_state==2)
  68   1          {
  69   2          OFF_LED=1;
  70   2          OPEN_LED=0;
  71   2          if( key_switch_f ==2)
  72   2          {
  73   3          
  74   3            Break_Step();
  75   3            key_state=1;
  76   3            key_switch_f=0;
  77   3          }
  78   2        }
  79   1      
  80   1        }
  81            


MODULE INFORMATION:   STATIC OVERLAYABLE
   CODE SIZE        =    139    ----
   CONSTANT SIZE    =   ----    ----
   XDATA SIZE       =   ----    ----
   PDATA SIZE       =     42    ----
   DATA SIZE        =   ----    ----
   IDATA SIZE       =   ----    ----
   BIT SIZE         =   ----    ----
END OF MODULE INFORMATION.


C51 COMPILATION COMPLETE.  0 WARNING(S),  0 ERROR(S)
