C51 COMPILER V9.60.0.0   MAIN                                                              05/03/2022 23:46:36 PAGE 1   


C51 COMPILER V9.60.0.0, COMPILATION OF MODULE MAIN
OBJECT MODULE PLACED IN .\Objects\MAIN.obj
COMPILER INVOKED BY: D:\Keil\C51\BIN\C51.EXE MAIN.c COMPACT OPTIMIZE(8,SPEED) BROWSE INCDIR(.\Library\ADC;.\Library\DHT1
                    -1;.\Library\LCD;.\Library\STEP;.\Library\Show;.\Library\KEY;.\Library\MAX6675;.\Library\SIM800C) DEBUG OBJECTEXTEND PRIN
                    -T(.\Listings\MAIN.lst) TABS(2) OBJECT(.\Objects\MAIN.obj)

line level    source

   1          #include "lcd.h"
   2          #include "STEP.h"
   3          #include "KEY.h"
   4          #include "Show.h"
   5          #include "SIM800C.h"
   6          #include "uart.h"
   7          
   8          extern void KEY_Scanf(void);
   9          
  10          
  11          
  12          
  13          //配置初始化
  14          void Pio_Iint()
  15          {
  16   1          Uart_Init() ;         
  17   1        KEY_Inint();
  18   1        Show_iint();    //1902
  19   1               
  20   1        LcdShowStr(0,0,"SIM is loading..");     //显示字符串
  21   1        SIM_Iint();
  22   1        
  23   1        Lcd1602_Write_Cmd(0x01);    //清屏  
  24   1        
  25   1        LcdShowStr(0,0,"GAS:"); //更新画面
  26   1        
  27   1        LcdShowStr(0,1,"Temp:");  //更新画面
  28   1      }
  29          
  30          
  31          
  32          
  33          //主函数
  34          void main()
  35          {
  36   1        Pio_Iint();
  37   1        P1=0xf1;  
  38   1        
  39   1        while(1)
  40   1        {
  41   2          KEY_Scanf();    //按键扫描
  42   2          Show();
  43   2        }
  44   1        
  45   1        
  46   1      }
  47          
  48          
  49          
  50          


MODULE INFORMATION:   STATIC OVERLAYABLE
C51 COMPILER V9.60.0.0   MAIN                                                              05/03/2022 23:46:36 PAGE 2   

   CODE SIZE        =     68    ----
   CONSTANT SIZE    =     28    ----
   XDATA SIZE       =   ----    ----
   PDATA SIZE       =   ----    ----
   DATA SIZE        =   ----    ----
   IDATA SIZE       =   ----    ----
   BIT SIZE         =   ----    ----
END OF MODULE INFORMATION.


C51 COMPILATION COMPLETE.  0 WARNING(S),  0 ERROR(S)
