C51 COMPILER V9.60.0.0   STEP                                                              05/02/2022 17:54:18 PAGE 1   


C51 COMPILER V9.60.0.0, COMPILATION OF MODULE STEP
OBJECT MODULE PLACED IN .\Objects\STEP.obj
COMPILER INVOKED BY: D:\Keil\C51\BIN\C51.EXE Library\STEP\STEP.c OPTIMIZE(8,SPEED) BROWSE INCDIR(.\Library\ADC;.\Library
                    -\DHT11;.\Library\LCD;.\Library\STEP;.\Library\Show;.\Library\KEY) DEBUG OBJECTEXTEND PRINT(.\Listings\STEP.lst) TABS(2) 
                    -OBJECT(.\Objects\STEP.obj)

line level    source

   1          #include "STEP.h"
   2          
   3          unsigned char  code table[]={0xf1,0xf3,0xf2,0xf6,0xf4,0xfc,0xf8,0xf9};
   4          unsigned char  code table1[]={0xf9,0xf8,0xfc,0xf4,0xf6,0xf2,0xf3,0xf1};
   5          
   6          int a;
   7          unsigned char k,i;
   8          
   9          void delay(unsigned char z)
  10          {
  11   1        unsigned char x,y;
  12   1        for(x=z;x>0;x--)
  13   1          for(y=120;y>0;y--);
  14   1      }
  15          
  16          void Go_Step()
  17          {
  18   1      
  19   1          for(a=0;a<520;a++)
  20   1        {
  21   2            for(i=0;i<8;i++)
  22   2            {
  23   3              P1=table[i];
  24   3              
  25   3              delay(1);
  26   3              
  27   3            }
  28   2            
  29   2        }
  30   1        P1=0xf1;
  31   1      }   
  32          
  33          void Break_Step()
  34          {
  35   1        for(a=0;a<520;a++)
  36   1        {
  37   2          for(i=0;i<8;i++)
  38   2          {
  39   3            P1=table1[i];
  40   3      
  41   3            delay(1);
  42   3          }
  43   2        
  44   2          P1=0xf1;
  45   2        }   
  46   1      
  47   1      
  48   1      }


MODULE INFORMATION:   STATIC OVERLAYABLE
   CODE SIZE        =    140    ----
   CONSTANT SIZE    =     16    ----
C51 COMPILER V9.60.0.0   STEP                                                              05/02/2022 17:54:18 PAGE 2   

   XDATA SIZE       =   ----    ----
   PDATA SIZE       =   ----    ----
   DATA SIZE        =      4    ----
   IDATA SIZE       =   ----    ----
   BIT SIZE         =   ----    ----
END OF MODULE INFORMATION.


C51 COMPILATION COMPLETE.  0 WARNING(S),  0 ERROR(S)
